<?xml version="1.0" encoding="UTF-8"?>
<!-- Generated by org.testng.reporters.JUnitReportReporter -->
<testsuite hostname="LAPTOP-HH6501NJ" failures="0" tests="1" name="TestCaseDemo.Test1" time="13.165" errors="0" timestamp="2025-03-06T13:58:02 IST" skipped="0">
  <testcase classname="TestCaseDemo.Test1" name="TestTitle" time="13.165">
    <system-out>
      <![CDATA[Screenshot taken by name title]]>
    </system-out>
  </testcase> <!-- TestTitle -->
  <system-out>
    <![CDATA[TestCase2 Login Credential Assertion Pass
Screenshot taken by name title]]>
  </system-out>
</testsuite> <!-- TestCaseDemo.Test1 -->
